<?xml version="1.0" encoding="UTF-8"?>
<testng-results ignored="2" total="8" passed="6" failed="0" skipped="0">
  <reporter-output>
  </reporter-output>
  <suite started-at="2020-10-02T18:01:45 IST" name="All Test Suite" finished-at="2020-10-02T18:02:15 IST" duration-ms="29749">
    <groups>
    </groups>
    <test started-at="2020-10-02T18:01:45 IST" name="D:/Trial Projects/com.orangehrm.frameworkpractice" finished-at="2020-10-02T18:02:15 IST" duration-ms="29749">
      <class name="com.orangehrm.testcases.getallpendingleaverequest">
        <test-method signature="callmethods()[pri:0, instance:com.orangehrm.testcases.getallpendingleaverequest@4d826d77]" started-at="2020-10-02T18:01:45 IST" name="callmethods" finished-at="2020-10-02T18:02:00 IST" duration-ms="15204" status="PASS">
          <reporter-output>
          </reporter-output>
        </test-method> <!-- callmethods -->
      </class> <!-- com.orangehrm.testcases.getallpendingleaverequest -->
      <class name="com.orangehrm.testcases.loginorangehrms">
        <test-method is-config="true" signature="launchbrowser()[pri:0, instance:com.orangehrm.testcases.loginorangehrms@1a052a00]" started-at="2020-10-02T18:01:26 IST" name="launchbrowser" finished-at="2020-10-02T18:01:45 IST" duration-ms="18820" status="PASS">
          <reporter-output>
          </reporter-output>
        </test-method> <!-- launchbrowser -->
        <test-method signature="openorangehrm()[pri:1, instance:com.orangehrm.testcases.loginorangehrms@1a052a00]" started-at="2020-10-02T18:02:00 IST" name="openorangehrm" finished-at="2020-10-02T18:02:02 IST" duration-ms="1792" status="PASS">
          <reporter-output>
          </reporter-output>
        </test-method> <!-- openorangehrm -->
        <test-method signature="loginorangehrm(java.lang.String, java.lang.String)[pri:2, instance:com.orangehrm.testcases.loginorangehrms@1a052a00]" started-at="2020-10-02T18:02:08 IST" name="loginorangehrm" data-provider="credentials" finished-at="2020-10-02T18:02:10 IST" duration-ms="2070" status="PASS">
          <params>
            <param index="0">
              <value>
                <![CDATA[username]]>
              </value>
            </param>
            <param index="1">
              <value>
                <![CDATA[password]]>
              </value>
            </param>
          </params>
          <reporter-output>
          </reporter-output>
        </test-method> <!-- loginorangehrm -->
        <test-method signature="loginorangehrm(java.lang.String, java.lang.String)[pri:2, instance:com.orangehrm.testcases.loginorangehrms@1a052a00]" started-at="2020-10-02T18:02:10 IST" name="loginorangehrm" data-provider="credentials" finished-at="2020-10-02T18:02:12 IST" duration-ms="1977" status="PASS">
          <params>
            <param index="0">
              <value>
                <![CDATA[Admin]]>
              </value>
            </param>
            <param index="1">
              <value>
                <![CDATA[admin1234]]>
              </value>
            </param>
          </params>
          <reporter-output>
          </reporter-output>
        </test-method> <!-- loginorangehrm -->
        <test-method signature="loginorangehrm(java.lang.String, java.lang.String)[pri:2, instance:com.orangehrm.testcases.loginorangehrms@1a052a00]" started-at="2020-10-02T18:02:12 IST" name="loginorangehrm" data-provider="credentials" finished-at="2020-10-02T18:02:14 IST" duration-ms="1189" status="PASS">
          <params>
            <param index="0">
              <value>
                <![CDATA[Admin1]]>
              </value>
            </param>
            <param index="1">
              <value>
                <![CDATA[admin1234]]>
              </value>
            </param>
          </params>
          <reporter-output>
          </reporter-output>
        </test-method> <!-- loginorangehrm -->
        <test-method signature="loginorangehrm(java.lang.String, java.lang.String)[pri:2, instance:com.orangehrm.testcases.loginorangehrms@1a052a00]" started-at="2020-10-02T18:02:14 IST" name="loginorangehrm" data-provider="credentials" finished-at="2020-10-02T18:02:15 IST" duration-ms="1240" status="PASS">
          <params>
            <param index="0">
              <value>
                <![CDATA[Admin1]]>
              </value>
            </param>
            <param index="1">
              <value>
                <![CDATA[admin123]]>
              </value>
            </param>
          </params>
          <reporter-output>
          </reporter-output>
        </test-method> <!-- loginorangehrm -->
        <test-method is-config="true" signature="closebrowser()[pri:0, instance:com.orangehrm.testcases.loginorangehrms@1a052a00]" started-at="2020-10-02T18:02:18 IST" name="closebrowser" finished-at="2020-10-02T18:02:25 IST" duration-ms="6766" status="PASS">
          <reporter-output>
          </reporter-output>
        </test-method> <!-- closebrowser -->
      </class> <!-- com.orangehrm.testcases.loginorangehrms -->
    </test> <!-- D:/Trial Projects/com.orangehrm.frameworkpractice -->
  </suite> <!-- All Test Suite -->
</testng-results>
